[2025-08-19 11:00:00] test write
[2025-08-20 09:25:41] id=1 hn=0068022 http=200 err=- resp={"status":401,"message":"require messages"}
[2025-08-20 09:36:49] id=1 hn=0068022 http=0 err=JSON_ENCODE_FAIL: Malformed UTF-8 characters, possibly incorrectly encoded resp=
[2025-08-20 10:05:57] id=1 hn=0068022 http=200 err=- resp={"status":200,"message":"Succesfully"}
[2025-08-20 10:14:04] id=1 hn=0068022 http=200 err=- resp={"status":200,"message":"Succesfully"}
[2025-08-20 10:19:46] id=1 hn=0068022 http=200 err=- resp={"status":200,"message":"Succesfully"}
[2025-08-20 10:25:00] id=1 hn=0068022 http=200 err=- resp={"status":200,"message":"Succesfully"}
[2025-08-20 10:41:16] id=2 hn=0026928 http=200 err=- resp={"status":200,"message":"Succesfully"}
[2025-08-20 10:57:22] id=3 hn=0026928 http=200 err=- resp={"status":200,"message":"Succesfully"}
[2025-08-20 11:40:30] id=4 hn=0026928 http=200 err=- resp={"status":200,"message":"Succesfully"}
[2025-08-20 14:33:34] id=5 hn=0064143 http=200 err=- resp={"status":200,"message":"Succesfully"}
[2025-08-20 14:42:33] id=6 hn=0064143 http=200 err=- resp={"status":200,"message":"Succesfully"}
[2025-08-20 14:42:33] id=7 hn=0026928 http=200 err=- resp={"status":200,"message":"Succesfully"}
[2025-08-20 15:11:33] id=8 hn=0064201 http=200 err=- resp={"status":200,"message":"Succesfully"}
[2025-08-21 09:02:03] id=8 hn=0064201 http=200 err=- resp={"status":200,"message":"Succesfully"}
[2025-08-21 09:07:03] id=9 hn=0026928 http=200 err=- resp={"status":200,"message":"Succesfully"}
[2025-08-21 09:12:03] id=10 hn=0064143 http=200 err=- resp={"status":200,"message":"Succesfully"}
[2025-08-21 13:27:14] id=8 hn=0064201 http=200 err=- resp=
[2025-08-21 13:27:34] id=10 hn=0064143 http=200 err=- resp=
[2025-08-21 13:27:35] id=9 hn=0026928 http=200 err=- resp=
[2025-08-21 13:27:36] id=8 hn=0064201 http=200 err=- resp=
[2025-08-21 13:27:36] id=7 hn=0026928 http=200 err=- resp=
[2025-08-21 13:27:37] id=6 hn=0064143 http=200 err=- resp=
[2025-08-21 13:27:38] id=4 hn=0026928 http=200 err=- resp=
[2025-08-21 13:27:38] id=3 hn=0026928 http=200 err=- resp=
[2025-08-21 13:27:39] id=1 hn=0068022 http=200 err=- resp=
[2025-08-22 09:42:03] id=10 hn=0064143 http=200 err=- resp={"status":200,"message":"Succesfully"}
[2025-09-30 13:19:00] id=11 hn=0070829 http=200 err=- resp={"status":200,"message":"Succesfully"}
[2025-09-30 13:19:00] id=12 hn=0065983 http=200 err=- resp={"status":200,"message":"Succesfully"}
[2025-09-30 13:19:01] id=13 hn=0070760 http=200 err=- resp={"status":200,"message":"Succesfully"}
[2025-09-30 13:19:02] id=14 hn=0054354 http=200 err=- resp={"status":200,"message":"Succesfully"}
[2025-09-30 13:20:24] id=14 hn=0054354 http=200 err=- resp={"status":200,"message":"Succesfully"}
[2025-09-30 13:27:02] id=14 hn=0054354 http=200 err=- resp={"status":200,"message":"Succesfully"}
[2025-09-30 14:12:02] id=14 hn=0054354 http=200 err=- resp={"status":200,"message":"Succesfully"}
[2025-09-30 15:47:02] id=14 hn=0054354 http=200 err=- resp={"status":200,"message":"Succesfully"}
[2025-10-16 10:23:16] id=15 hn=0006803 http=200 err=- resp={"status":200,"message":"Succesfully"}
[2025-10-16 10:30:14] id=15 hn=0006803 http=200 err=- resp={"status":200,"message":"Succesfully"}
[2025-10-16 10:32:21] id=15 hn=0006803 http=200 err=- resp={"status":200,"message":"Succesfully"}
[2025-10-16 10:35:29] id=15 hn=0006803 http=200 err=- resp={"status":200,"message":"Succesfully"}
[2025-10-16 10:38:38] id=15 hn=0006803 http=200 err=- resp={"status":200,"message":"Succesfully"}
[2025-10-16 10:40:04] id=15 hn=0006803 http=200 err=- resp={"status":200,"message":"Succesfully"}
[2025-10-16 10:40:45] id=15 hn=0006803 http=200 err=- resp={"status":200,"message":"Succesfully"}
[2025-10-16 10:59:30] id=15 hn=0006803 http=200 err=- resp={"status":200,"message":"Succesfully"}
[2025-10-16 10:59:57] id=15 hn=0006803 http=200 err=- resp={"status":200,"message":"Succesfully"}
[2025-10-16 14:38:26] id=9 hn=0026928 http=200 err=- resp={"status":200,"message":"Succesfully"}
[2025-10-20 13:21:44] id=15 hn=0006803 http=200 err=- resp={"status":200,"message":"Succesfully"}
